--- Copying files at Sat Jan  2 08:40:50 UTC 2021
--- Copying files at Sat 02 Jan 2021 09:06:28 AM UTC
INSTALLED plugins/authentication-tokens.jpi : 1.4
INSTALLED plugins/docker-commons.jpi : 1.17
INSTALLED plugins/git-client.jpi : 3.6.0
INSTALLED plugins/sse-gateway.jpi : 1.24
INSTALLED plugins/ace-editor.jpi : 1.1
INSTALLED plugins/github-branch-source.jpi : 2.9.3
INSTALLED plugins/blueocean-git-pipeline.jpi : 1.24.3
INSTALLED plugins/pipeline-graph-analysis.jpi : 1.10
INSTALLED plugins/blueocean-rest-impl.jpi : 1.24.3
INSTALLED plugins/favorite.jpi : 2.3.2
INSTALLED plugins/workflow-basic-steps.jpi : 2.23
INSTALLED plugins/script-security.jpi : 1.75
INSTALLED plugins/blueocean.jpi : 1.24.3
INSTALLED plugins/htmlpublisher.jpi : 1.25
INSTALLED plugins/pubsub-light.jpi : 1.13
INSTALLED plugins/cloudbees-folder.jpi : 6.15
INSTALLED plugins/jsch.jpi : 0.1.55.2
INSTALLED plugins/blueocean-personalization.jpi : 1.24.3
INSTALLED plugins/blueocean-github-pipeline.jpi : 1.24.3
INSTALLED plugins/workflow-job.jpi : 2.40
INSTALLED plugins/workflow-cps-global-lib.jpi : 2.17
INSTALLED plugins/pipeline-model-definition.jpi : 1.7.2
INSTALLED plugins/jira.jpi : 3.1.3
INSTALLED plugins/token-macro.jpi : 2.13
INSTALLED plugins/branch-api.jpi : 2.6.2
INSTALLED plugins/jenkins-design-language.jpi : 1.24.3
INSTALLED plugins/handy-uri-templates-2-api.jpi : 2.1.8-1.0
INSTALLED plugins/github-api.jpi : 1.117
INSTALLED plugins/blueocean-config.jpi : 1.24.3
INSTALLED plugins/workflow-cps.jpi : 2.87
INSTALLED plugins/variant.jpi : 1.3
INSTALLED plugins/okhttp-api.jpi : 3.14.9
INSTALLED plugins/font-awesome-api.jpi : 5.15.1-1
INSTALLED plugins/pipeline-stage-tags-metadata.jpi : 1.7.2
INSTALLED plugins/blueocean-web.jpi : 1.24.3
INSTALLED plugins/scm-api.jpi : 2.6.4
INSTALLED plugins/apache-httpcomponents-client-4-api.jpi : 4.5.12-1.0
INSTALLED plugins/blueocean-core-js.jpi : 1.24.3
INSTALLED plugins/blueocean-jira.jpi : 1.24.3
INSTALLED plugins/workflow-api.jpi : 2.40
INSTALLED plugins/blueocean-i18n.jpi : 1.24.3
INSTALLED plugins/structs.jpi : 1.20
INSTALLED plugins/pipeline-build-step.jpi : 2.13
INSTALLED plugins/popper-api.jpi : 1.16.0-7
INSTALLED plugins/blueocean-pipeline-api-impl.jpi : 1.24.3
INSTALLED plugins/workflow-support.jpi : 3.7
INSTALLED plugins/git-server.jpi : 1.9
INSTALLED plugins/ssh-credentials.jpi : 1.18.1
INSTALLED plugins/checks-api.jpi : 1.2.0
INSTALLED plugins/git.jpi : 4.5.1
INSTALLED plugins/bootstrap4-api.jpi : 4.5.3-1
INSTALLED plugins/blueocean-display-url.jpi : 2.4.0
INSTALLED plugins/mercurial.jpi : 2.12
INSTALLED plugins/workflow-multibranch.jpi : 2.22
INSTALLED plugins/workflow-step-api.jpi : 2.23
INSTALLED plugins/blueocean-autofavorite.jpi : 1.2.4
INSTALLED plugins/workflow-scm-step.jpi : 2.11
INSTALLED plugins/credentials.jpi : 2.3.14
INSTALLED plugins/mailer.jpi : 1.32.1
INSTALLED plugins/blueocean-commons.jpi : 1.24.3
INSTALLED plugins/docker-workflow.jpi : 1.25
INSTALLED plugins/workflow-durable-task-step.jpi : 2.37
INSTALLED plugins/pipeline-model-api.jpi : 1.7.2
INSTALLED plugins/blueocean-pipeline-scm-api.jpi : 1.24.3
INSTALLED plugins/display-url-api.jpi : 2.3.4
INSTALLED plugins/junit.jpi : 1.48
INSTALLED plugins/plugin-util-api.jpi : 1.6.1
INSTALLED plugins/blueocean-bitbucket-pipeline.jpi : 1.24.3
INSTALLED plugins/durable-task.jpi : 1.35
INSTALLED plugins/blueocean-rest.jpi : 1.24.3
INSTALLED plugins/snakeyaml-api.jpi : 1.27.0
INSTALLED plugins/blueocean-dashboard.jpi : 1.24.3
INSTALLED plugins/echarts-api.jpi : 4.9.0-2
INSTALLED plugins/cloudbees-bitbucket-branch-source.jpi : 2.9.6
INSTALLED plugins/blueocean-events.jpi : 1.24.3
INSTALLED plugins/pipeline-milestone-step.jpi : 1.3.1
INSTALLED plugins/credentials-binding.jpi : 1.24
INSTALLED plugins/plain-credentials.jpi : 1.7
INSTALLED plugins/blueocean-jwt.jpi : 1.24.3
INSTALLED plugins/blueocean-pipeline-editor.jpi : 1.24.3
INSTALLED plugins/github.jpi : 1.32.0
INSTALLED plugins/pipeline-model-extensions.jpi : 1.7.2
INSTALLED plugins/trilead-api.jpi : 1.0.13
INSTALLED plugins/jquery3-api.jpi : 3.5.1-2
INSTALLED plugins/jackson2-api.jpi : 2.12.0
INSTALLED plugins/pipeline-stage-step.jpi : 2.5
INSTALLED plugins/matrix-project.jpi : 1.18
INSTALLED plugins/pipeline-input-step.jpi : 2.12
